#
# There is insufficient memory for the Java Runtime Environment to continue.
# Native memory allocation (mmap) failed to map 268435456 bytes for G1 virtual space
# Possible reasons:
#   The system is out of physical RAM or swap space
#   The process is running with CompressedOops enabled, and the Java Heap may be blocking the growth of the native heap
# Possible solutions:
#   Reduce memory load on the system
#   Increase physical memory or swap space
#   Check if swap backing store is full
#   Decrease Java heap size (-Xmx/-Xms)
#   Decrease number of Java threads
#   Decrease Java thread stack sizes (-Xss)
#   Set larger code cache with -XX:ReservedCodeCacheSize=
#   JVM is running with Zero Based Compressed Oops mode in which the Java heap is
#     placed in the first 32GB address space. The Java Heap base address is the
#     maximum limit for the native heap growth. Please use -XX:HeapBaseMinAddress
#     to set the Java Heap base and to place the Java Heap above 32GB virtual address.
# This output file may be truncated or incomplete.
#
#  Out of Memory Error (os_windows.cpp:3600), pid=22372, tid=23360
#
# JRE version:  (21.0.2+13) (build )
# Java VM: Java HotSpot(TM) 64-Bit Server VM (21.0.2+13-LTS-58, mixed mode, sharing, tiered, compressed oops, compressed class ptrs, g1 gc, windows-amd64)
# No core dump will be written. Minidumps are not enabled by default on client versions of Windows
#

---------------  S U M M A R Y ------------

Command Line: -Dfile.encoding=UTF-8 --module-path=C:\Users\PCNET\Documents\NetBeansProjects\security\build\classes security.Security

Host: Intel(R) Core(TM) i7-8650U CPU @ 1.90GHz, 8 cores, 15G,  Windows 11 , 64 bit Build 22621 (10.0.22621.4391)
Time: Wed Jan  8 21:49:34 2025 Arabic Standard Time elapsed time: 0.012627 seconds (0d 0h 0m 0s)

---------------  T H R E A D  ---------------

Current thread (0x00000230ac44bfb0):  JavaThread "Unknown thread" [_thread_in_vm, id=23360, stack(0x000000993b700000,0x000000993b800000) (1024K)]

Stack: [0x000000993b700000,0x000000993b800000]
Native frames: (J=compiled Java code, j=interpreted, Vv=VM code, C=native code)
V  [jvm.dll+0x6cade9]
V  [jvm.dll+0x8569c1]
V  [jvm.dll+0x858d2e]
V  [jvm.dll+0x859413]
V  [jvm.dll+0x280e56]
V  [jvm.dll+0x6c74d5]
V  [jvm.dll+0x6bbeca]
V  [jvm.dll+0x355bca]
V  [jvm.dll+0x35d816]
V  [jvm.dll+0x3ae67e]
V  [jvm.dll+0x3ae928]
V  [jvm.dll+0x3295dc]
V  [jvm.dll+0x32a16b]
V  [jvm.dll+0x81efa9]
V  [jvm.dll+0x3bba01]
V  [jvm.dll+0x807928]
V  [jvm.dll+0x44f50e]
V  [jvm.dll+0x450e11]
C  [jli.dll+0x52a3]
C  [ucrtbase.dll+0x29333]
C  [KERNEL32.DLL+0x1259d]
C  [ntdll.dll+0x5af38]


---------------  P R O C E S S  ---------------

Threads class SMR info:
_java_thread_list=0x00007ffbd039bb88, length=0, elements={
}

Java Threads: ( => current thread )
Total: 0

Other Threads:
  0x00000230ae6dc6e0 WorkerThread "GC Thread#0"                     [id=21588, stack(0x000000993b800000,0x000000993b900000) (1024K)]
  0x00000230ae6ed680 ConcurrentGCThread "G1 Main Marker"            [id=22300, stack(0x000000993b900000,0x000000993ba00000) (1024K)]
  0x00000230ae6ee180 WorkerThread "G1 Conc#0"                       [id=23352, stack(0x000000993ba00000,0x000000993bb00000) (1024K)]

[error occurred during error reporting (printing all threads), id 0xc0000005, EXCEPTION_ACCESS_VIOLATION (0xc0000005) at pc=0x00007ffbcfb0c6a7]
VM state: not at safepoint (not fully initialized)

VM Mutex/Monitor currently owned by a thread:  ([mutex/lock_event])
[0x00007ffbd040ce68] Heap_lock - owner thread: 0x00000230ac44bfb0

Heap address: 0x0000000701e00000, size: 4066 MB, Compressed Oops mode: Zero based, Oop shift amount: 3

CDS archive(s) mapped at: [0x0000000000000000-0x0000000000000000-0x0000000000000000), size 0, SharedBaseAddress: 0x0000000800000000, ArchiveRelocationMode: 1.
Narrow klass base: 0x0000000000000000, Narrow klass shift: 0, Narrow klass range: 0x0

GC Precious Log:
 CardTable entry size: 512
 Card Set container configuration: InlinePtr #cards 4 size 8 Array Of Cards #cards 16 size 48 Howl #buckets 8 coarsen threshold 3686 Howl Bitmap #cards 512 size 80 coarsen threshold 460 Card regions per heap region 1 cards per card region 4096

Heap:
 garbage-first heap   total 0K, used 0K [0x0000000701e00000, 0x0000000800000000)
  region size 2048K, 0 young (0K), 0 survivors (0K)

[error occurred during error reporting (printing heap information), id 0xc0000005, EXCEPTION_ACCESS_VIOLATION (0xc0000005) at pc=0x00007ffbcfef39f9]
GC Heap History (0 events):
No events

Dll operation events (1 events):
Event: 0.008 Loaded shared library C:\Program Files\Java\jdk-21\bin\java.dll

Deoptimization events (0 events):
No events

Classes loaded (0 events):
No events

Classes unloaded (0 events):
No events

Classes redefined (0 events):
No events

Internal exceptions (0 events):
No events

ZGC Phase Switch (0 events):
No events

VM Operations (0 events):
No events

Events (0 events):
No events


Dynamic libraries:
0x00007ff76b0b0000 - 0x00007ff76b0c0000 	C:\Program Files\Java\jdk-21\bin\java.exe
0x00007ffc1bad0000 - 0x00007ffc1bce7000 	C:\WINDOWS\SYSTEM32\ntdll.dll
0x00007ffc1a9e0000 - 0x00007ffc1aaa4000 	C:\WINDOWS\System32\KERNEL32.DLL
0x00007ffc18da0000 - 0x00007ffc1915a000 	C:\WINDOWS\System32\KERNELBASE.dll
0x00007ffc19280000 - 0x00007ffc19391000 	C:\WINDOWS\System32\ucrtbase.dll
0x00007ffc04630000 - 0x00007ffc04649000 	C:\Program Files\Java\jdk-21\bin\jli.dll
0x00007ffc14030000 - 0x00007ffc1404b000 	C:\Program Files\Java\jdk-21\bin\VCRUNTIME140.dll
0x00007ffc1b450000 - 0x00007ffc1b502000 	C:\WINDOWS\System32\ADVAPI32.dll
0x00007ffc199c0000 - 0x00007ffc19a67000 	C:\WINDOWS\System32\msvcrt.dll
0x00007ffc1b510000 - 0x00007ffc1b5b7000 	C:\WINDOWS\System32\sechost.dll
0x00007ffc196f0000 - 0x00007ffc19718000 	C:\WINDOWS\System32\bcrypt.dll
0x00007ffc1a360000 - 0x00007ffc1a474000 	C:\WINDOWS\System32\RPCRT4.dll
0x00007ffc1a090000 - 0x00007ffc1a23e000 	C:\WINDOWS\System32\USER32.dll
0x00007ffc19720000 - 0x00007ffc19746000 	C:\WINDOWS\System32\win32u.dll
0x00007ffc02a10000 - 0x00007ffc02ca2000 	C:\WINDOWS\WinSxS\amd64_microsoft.windows.common-controls_6595b64144ccf1df_6.0.22621.4541_none_2710d1c57384c085\COMCTL32.dll
0x00007ffc19f80000 - 0x00007ffc19fa9000 	C:\WINDOWS\System32\GDI32.dll
0x00007ffc19160000 - 0x00007ffc1927b000 	C:\WINDOWS\System32\gdi32full.dll
0x00007ffc194e0000 - 0x00007ffc1957a000 	C:\WINDOWS\System32\msvcp_win.dll
0x00007ffc13040000 - 0x00007ffc1304a000 	C:\WINDOWS\SYSTEM32\VERSION.dll
0x00007ffc1ab10000 - 0x00007ffc1ab41000 	C:\WINDOWS\System32\IMM32.DLL
0x00007ffc14090000 - 0x00007ffc1409c000 	C:\Program Files\Java\jdk-21\bin\vcruntime140_1.dll
0x00007ffc04450000 - 0x00007ffc044de000 	C:\Program Files\Java\jdk-21\bin\msvcp140.dll
0x00007ffbcf7d0000 - 0x00007ffbd04e7000 	C:\Program Files\Java\jdk-21\bin\server\jvm.dll
0x00007ffc1b3d0000 - 0x00007ffc1b441000 	C:\WINDOWS\System32\WS2_32.dll
0x00007ffc18bc0000 - 0x00007ffc18c0d000 	C:\WINDOWS\SYSTEM32\POWRPROF.dll
0x00007ffc13050000 - 0x00007ffc13084000 	C:\WINDOWS\SYSTEM32\WINMM.dll
0x00007ffc18aa0000 - 0x00007ffc18ab3000 	C:\WINDOWS\SYSTEM32\UMPDC.dll
0x00007ffc17de0000 - 0x00007ffc17df8000 	C:\WINDOWS\SYSTEM32\kernel.appcore.dll
0x00007ffc13ec0000 - 0x00007ffc13eca000 	C:\Program Files\Java\jdk-21\bin\jimage.dll
0x00007ffc165e0000 - 0x00007ffc16812000 	C:\WINDOWS\SYSTEM32\DBGHELP.DLL
0x00007ffc1a480000 - 0x00007ffc1a80f000 	C:\WINDOWS\System32\combase.dll
0x00007ffc19fb0000 - 0x00007ffc1a087000 	C:\WINDOWS\System32\OLEAUT32.dll
0x00007ffbf06d0000 - 0x00007ffbf0702000 	C:\WINDOWS\SYSTEM32\dbgcore.DLL
0x00007ffc19750000 - 0x00007ffc197cb000 	C:\WINDOWS\System32\bcryptPrimitives.dll
0x00007ffc13d70000 - 0x00007ffc13d8f000 	C:\Program Files\Java\jdk-21\bin\java.dll

dbghelp: loaded successfully - version: 4.0.5 - missing functions: none
symbol engine: initialized successfully - sym options: 0x614 - pdb path: .;C:\Program Files\Java\jdk-21\bin;C:\WINDOWS\SYSTEM32;C:\WINDOWS\WinSxS\amd64_microsoft.windows.common-controls_6595b64144ccf1df_6.0.22621.4541_none_2710d1c57384c085;C:\Program Files\Java\jdk-21\bin\server

VM Arguments:
jvm_args: -Dfile.encoding=UTF-8 --module-path=C:\Users\PCNET\Documents\NetBeansProjects\security\build\classes 
java_command: security.Security
java_class_path (initial): C:\Users\PCNET\Documents\NetBeansProjects\security\build\classes
Launcher Type: SUN_STANDARD

[Global flags]
     intx CICompilerCount                          = 4                                         {product} {ergonomic}
     uint ConcGCThreads                            = 2                                         {product} {ergonomic}
     uint G1ConcRefinementThreads                  = 8                                         {product} {ergonomic}
   size_t G1HeapRegionSize                         = 2097152                                   {product} {ergonomic}
    uintx GCDrainStackTargetSize                   = 64                                        {product} {ergonomic}
   size_t InitialHeapSize                          = 268435456                                 {product} {ergonomic}
   size_t MarkStackSize                            = 4194304                                   {product} {ergonomic}
   size_t MaxHeapSize                              = 4263510016                                {product} {ergonomic}
   size_t MinHeapDeltaBytes                        = 2097152                                   {product} {ergonomic}
   size_t MinHeapSize                              = 8388608                                   {product} {ergonomic}
    uintx NonNMethodCodeHeapSize                   = 5839372                                {pd product} {ergonomic}
    uintx NonProfiledCodeHeapSize                  = 122909434                              {pd product} {ergonomic}
    uintx ProfiledCodeHeapSize                     = 122909434                              {pd product} {ergonomic}
    uintx ReservedCodeCacheSize                    = 251658240                              {pd product} {ergonomic}
     bool SegmentedCodeCache                       = true                                      {product} {ergonomic}
   size_t SoftMaxHeapSize                          = 4263510016                             {manageable} {ergonomic}
     bool UseCompressedOops                        = true                           {product lp64_product} {ergonomic}
     bool UseG1GC                                  = true                                      {product} {ergonomic}
     bool UseLargePagesIndividualAllocation        = false                                  {pd product} {ergonomic}

Logging:
Log output configuration:
 #0: stdout all=warning uptime,level,tags foldmultilines=false
 #1: stderr all=off uptime,level,tags foldmultilines=false

Environment Variables:
PATH=C:\Program Files\Common Files\Oracle\Java\javapath;C:\WINDOWS\system32;C:\WINDOWS;C:\WINDOWS\System32\Wbem;C:\WINDOWS\System32\WindowsPowerShell\v1.0\;C:\WINDOWS\System32\OpenSSH\;C:\Users\PCNET\AppData\Local\Microsoft\WindowsApps;C:\Users\PCNET\AppData\Local\Programs\Microsoft VS Code\bin
USERNAME=PCNET
OS=Windows_NT
PROCESSOR_IDENTIFIER=Intel64 Family 6 Model 142 Stepping 10, GenuineIntel
TMP=C:\Users\PCNET\AppData\Local\Temp
TEMP=C:\Users\PCNET\AppData\Local\Temp




Periodic native trim disabled

---------------  S Y S T E M  ---------------

OS:
 Windows 11 , 64 bit Build 22621 (10.0.22621.4391)
OS uptime: 15 days 2:43 hours

CPU: total 8 (initial active 8) (4 cores per cpu, 2 threads per core) family 6 model 142 stepping 10 microcode 0xe0, cx8, cmov, fxsr, ht, mmx, 3dnowpref, sse, sse2, sse3, ssse3, sse4.1, sse4.2, popcnt, lzcnt, tsc, tscinvbit, avx, avx2, aes, erms, clmul, bmi1, bmi2, rtm, adx, fma, vzeroupper, clflush, clflushopt, rdtscp, f16c
Processor Information for all 8 processors :
  Max Mhz: 2112, Current Mhz: 1910, Mhz Limit: 1900

Memory: 4k page, system-wide physical 16263M (6010M free)
TotalPageFile size 31032M (AvailPageFile size 79M)
current process WorkingSet (physical memory assigned to process): 11M, peak: 11M
current process commit charge ("private bytes"): 60M, peak: 316M

vm_info: Java HotSpot(TM) 64-Bit Server VM (21.0.2+13-LTS-58) for windows-amd64 JRE (21.0.2+13-LTS-58), built on 2024-01-05T18:32:24Z by "mach5one" with MS VC++ 17.1 (VS2022)

END.
